0 info it worked if it ends with ok
1 verbose cli [ 'C:\\Program Files\\nodejs\\node.exe',
1 verbose cli   'C:\\Program Files\\nodejs\\node_modules\\npm\\bin\\npm-cli.js',
1 verbose cli   'install',
1 verbose cli   'typescript',
1 verbose cli   '-g' ]
2 info using npm@3.10.10
3 info using node@v6.11.1
4 silly loadCurrentTree Starting
5 silly install loadCurrentTree
6 silly install readGlobalPackageData
7 silly fetchPackageMetaData typescript
8 silly fetchNamedPackageData typescript
9 silly mapToRegistry name typescript
10 silly mapToRegistry using default registry
11 silly mapToRegistry registry https://registry.npmjs.org/
12 silly mapToRegistry data Result {
12 silly mapToRegistry   raw: 'typescript',
12 silly mapToRegistry   scope: null,
12 silly mapToRegistry   escapedName: 'typescript',
12 silly mapToRegistry   name: 'typescript',
12 silly mapToRegistry   rawSpec: '',
12 silly mapToRegistry   spec: 'latest',
12 silly mapToRegistry   type: 'tag' }
13 silly mapToRegistry uri https://registry.npmjs.org/typescript
14 verbose request uri https://registry.npmjs.org/typescript
15 verbose request no auth needed
16 info attempt registry request try #1 at 09:37:07
17 verbose request id 1683214d2753621d
18 verbose etag W/"59ba1cfe-1cd3a3"
19 verbose lastModified Thu, 14 Sep 2017 06:09:02 GMT
20 http request GET https://registry.npmjs.org/typescript
21 info retry will retry, error on last attempt: Error: getaddrinfo ENOTFOUND registry.npmjs.org registry.npmjs.org:443
22 info attempt registry request try #2 at 09:37:28
23 verbose etag W/"59ba1cfe-1cd3a3"
24 verbose lastModified Thu, 14 Sep 2017 06:09:02 GMT
25 http request GET https://registry.npmjs.org/typescript
26 info retry will retry, error on last attempt: Error: getaddrinfo ENOTFOUND registry.npmjs.org registry.npmjs.org:443
27 info attempt registry request try #3 at 09:38:39
28 verbose etag W/"59ba1cfe-1cd3a3"
29 verbose lastModified Thu, 14 Sep 2017 06:09:02 GMT
30 http request GET https://registry.npmjs.org/typescript
31 http 304 https://registry.npmjs.org/typescript
32 verbose headers { date: 'Fri, 15 Sep 2017 01:39:09 GMT',
32 verbose headers   via: '1.1 varnish',
32 verbose headers   'cache-control': 'max-age=300',
32 verbose headers   etag: 'W/"59ba1cfe-1cd3a3"',
32 verbose headers   age: '101',
32 verbose headers   connection: 'keep-alive',
32 verbose headers   'x-served-by': 'cache-nrt6133-NRT',
32 verbose headers   'x-cache': 'HIT',
32 verbose headers   'x-cache-hits': '2',
32 verbose headers   'x-timer': 'S1505439549.062460,VS0,VE0',
32 verbose headers   vary: 'Accept-Encoding, Accept' }
33 silly get cb [ 304,
33 silly get   { date: 'Fri, 15 Sep 2017 01:39:09 GMT',
33 silly get     via: '1.1 varnish',
33 silly get     'cache-control': 'max-age=300',
33 silly get     etag: 'W/"59ba1cfe-1cd3a3"',
33 silly get     age: '101',
33 silly get     connection: 'keep-alive',
33 silly get     'x-served-by': 'cache-nrt6133-NRT',
33 silly get     'x-cache': 'HIT',
33 silly get     'x-cache-hits': '2',
33 silly get     'x-timer': 'S1505439549.062460,VS0,VE0',
33 silly get     vary: 'Accept-Encoding, Accept' } ]
34 verbose etag https://registry.npmjs.org/typescript from cache
35 verbose get saving typescript to C:\Users\w\AppData\Roaming\npm-cache\registry.npmjs.org\typescript\.cache.json
36 verbose correctMkdir C:\Users\w\AppData\Roaming\npm-cache correctMkdir not in flight; initializing
37 silly install normalizeTree
38 silly loadCurrentTree Finishing
39 silly loadIdealTree Starting
40 silly install loadIdealTree
41 silly cloneCurrentTree Starting
42 silly install cloneCurrentTreeToIdealTree
43 silly cloneCurrentTree Finishing
44 silly loadShrinkwrap Starting
45 silly install loadShrinkwrap
46 silly loadShrinkwrap Finishing
47 silly loadAllDepsIntoIdealTree Starting
48 silly install loadAllDepsIntoIdealTree
49 silly resolveWithNewModule typescript@2.5.2 checking installable status
50 silly cache add args [ 'typescript', null ]
51 verbose cache add spec typescript
52 silly cache add parsed spec Result {
52 silly cache add   raw: 'typescript',
52 silly cache add   scope: null,
52 silly cache add   escapedName: 'typescript',
52 silly cache add   name: 'typescript',
52 silly cache add   rawSpec: '',
52 silly cache add   spec: 'latest',
52 silly cache add   type: 'tag' }
53 silly addNamed typescript@latest
54 verbose addNamed "latest" is being treated as a dist-tag for typescript
55 info addNameTag [ 'typescript', 'latest' ]
56 silly mapToRegistry name typescript
57 silly mapToRegistry using default registry
58 silly mapToRegistry registry https://registry.npmjs.org/
59 silly mapToRegistry data Result {
59 silly mapToRegistry   raw: 'typescript',
59 silly mapToRegistry   scope: null,
59 silly mapToRegistry   escapedName: 'typescript',
59 silly mapToRegistry   name: 'typescript',
59 silly mapToRegistry   rawSpec: '',
59 silly mapToRegistry   spec: 'latest',
59 silly mapToRegistry   type: 'tag' }
60 silly mapToRegistry uri https://registry.npmjs.org/typescript
61 verbose addNameTag registry:https://registry.npmjs.org/typescript not in flight; fetching
62 verbose get https://registry.npmjs.org/typescript not expired, no request
63 silly addNameTag next cb for typescript with tag latest
64 silly addNamed typescript@2.5.2
65 verbose addNamed "2.5.2" is a plain semver version for typescript
66 silly cache afterAdd typescript@2.5.2
67 verbose afterAdd C:\Users\w\AppData\Roaming\npm-cache\typescript\2.5.2\package\package.json not in flight; writing
68 verbose correctMkdir C:\Users\w\AppData\Roaming\npm-cache correctMkdir not in flight; initializing
69 verbose afterAdd C:\Users\w\AppData\Roaming\npm-cache\typescript\2.5.2\package\package.json written
70 silly loadAllDepsIntoIdealTree Finishing
71 silly loadIdealTree Finishing
72 silly currentTree npm
72 silly currentTree `-- typescript@2.5.2
73 silly idealTree npm
73 silly idealTree `-- typescript@2.5.2
74 silly generateActionsToTake Starting
75 silly install generateActionsToTake
76 silly generateActionsToTake Finishing
77 silly diffTrees action count 1
78 silly diffTrees update typescript@2.5.2
79 silly decomposeActions action count 9
80 silly decomposeActions remove typescript@2.5.2
81 silly decomposeActions fetch typescript@2.5.2
82 silly decomposeActions extract typescript@2.5.2
83 silly decomposeActions test typescript@2.5.2
84 silly decomposeActions preinstall typescript@2.5.2
85 silly decomposeActions build typescript@2.5.2
86 silly decomposeActions install typescript@2.5.2
87 silly decomposeActions postinstall typescript@2.5.2
88 silly decomposeActions finalize typescript@2.5.2
89 silly runTopLevelLifecycles Starting
90 silly executeActions Starting
91 silly install executeActions
92 silly doSerial global-install 0
93 silly doParallel fetch 1
94 verbose correctMkdir C:\Users\w\AppData\Roaming\npm-cache\_locks correctMkdir not in flight; initializing
95 verbose lock using C:\Users\w\AppData\Roaming\npm-cache\_locks\staging-c1ad9ffa6725a498.lock for C:\Users\w\AppData\Roaming\npm\node_modules\.staging
96 silly doParallel extract 1
97 silly extract typescript@2.5.2
98 verbose unbuild node_modules\.staging\typescript-e59a7f09
99 silly gentlyRm C:\Users\w\AppData\Roaming\npm\node_modules\.staging\typescript-e59a7f09 is being purged from base C:\Users\w\AppData\Roaming\npm
100 verbose gentlyRm don't care about contents; nuking C:\Users\w\AppData\Roaming\npm\node_modules\.staging\typescript-e59a7f09
101 verbose tar unpack C:\Users\w\AppData\Roaming\npm-cache\typescript\2.5.2\package.tgz
102 verbose tar unpacking to C:\Users\w\AppData\Roaming\npm\node_modules\.staging\typescript-e59a7f09
103 silly gentlyRm C:\Users\w\AppData\Roaming\npm\node_modules\.staging\typescript-e59a7f09 is being purged
104 verbose gentlyRm don't care about contents; nuking C:\Users\w\AppData\Roaming\npm\node_modules\.staging\typescript-e59a7f09
105 silly gunzTarPerm modes [ '777', '666' ]
106 silly gunzTarPerm extractEntry package.json
107 silly gunzTarPerm extractEntry .npmignore
108 silly gunzTarPerm extractEntry README.md
109 silly gunzTarPerm extractEntry AUTHORS.md
110 silly gunzTarPerm extractEntry CONTRIBUTING.md
111 silly gunzTarPerm extractEntry CopyrightNotice.txt
112 silly gunzTarPerm extractEntry LICENSE.txt
113 silly gunzTarPerm extractEntry .mailmap
114 silly gunzTarPerm extractEntry ThirdPartyNoticeText.txt
115 silly gunzTarPerm extractEntry bin/tsc
116 silly gunzTarPerm extractEntry bin/tsserver
117 silly gunzTarPerm extractEntry lib/README.md
118 silly gunzTarPerm extractEntry lib/typingsInstaller.js
119 silly gunzTarPerm extractEntry lib/typescriptServices.js
120 silly gunzTarPerm extractEntry lib/typescript.js
121 silly gunzTarPerm extractEntry lib/tsserverlibrary.js
122 silly gunzTarPerm extractEntry lib/tsserver.js
123 silly gunzTarPerm extractEntry lib/tsc.js
124 silly gunzTarPerm extractEntry lib/cancellationToken.js
125 silly gunzTarPerm extractEntry lib/watchGuard.js
126 silly gunzTarPerm extractEntry lib/lib.es6.d.ts
127 silly gunzTarPerm extractEntry lib/lib.es2015.iterable.d.ts
128 silly gunzTarPerm extractEntry lib/lib.es2015.proxy.d.ts
129 silly gunzTarPerm extractEntry lib/lib.es2015.reflect.d.ts
130 silly gunzTarPerm extractEntry lib/lib.es2015.symbol.d.ts
131 silly gunzTarPerm extractEntry lib/lib.es2015.symbol.wellknown.d.ts
132 silly gunzTarPerm extractEntry lib/lib.es2016.array.include.d.ts
133 silly gunzTarPerm extractEntry lib/lib.es2016.d.ts
134 silly gunzTarPerm extractEntry lib/lib.es2016.full.d.ts
135 silly gunzTarPerm extractEntry lib/lib.es2017.d.ts
136 silly gunzTarPerm extractEntry lib/lib.es2017.full.d.ts
137 silly gunzTarPerm extractEntry lib/lib.es2017.intl.d.ts
138 silly gunzTarPerm extractEntry lib/lib.es2015.generator.d.ts
139 silly gunzTarPerm extractEntry lib/lib.es2017.sharedmemory.d.ts
140 silly gunzTarPerm extractEntry lib/lib.es2017.string.d.ts
141 silly gunzTarPerm extractEntry lib/lib.es5.d.ts
142 silly gunzTarPerm extractEntry lib/lib.es2015.promise.d.ts
143 silly gunzTarPerm extractEntry lib/lib.esnext.asynciterable.d.ts
144 silly gunzTarPerm extractEntry lib/lib.esnext.d.ts
145 silly gunzTarPerm extractEntry lib/lib.esnext.full.d.ts
146 silly gunzTarPerm extractEntry lib/lib.scripthost.d.ts
147 silly gunzTarPerm extractEntry lib/lib.webworker.d.ts
148 silly gunzTarPerm extractEntry lib/protocol.d.ts
149 silly gunzTarPerm extractEntry lib/lib.es2015.d.ts
150 silly gunzTarPerm extractEntry lib/lib.es2015.core.d.ts
151 silly gunzTarPerm extractEntry lib/tsserverlibrary.d.ts
152 silly gunzTarPerm extractEntry lib/lib.es2015.collection.d.ts
153 silly gunzTarPerm extractEntry lib/typescript.d.ts
154 silly gunzTarPerm extractEntry lib/lib.dom.iterable.d.ts
155 silly gunzTarPerm extractEntry lib/typescriptServices.d.ts
156 silly gunzTarPerm extractEntry lib/lib.dom.d.ts
157 silly gunzTarPerm extractEntry lib/lib.d.ts
158 silly gunzTarPerm extractEntry lib/lib.es2017.object.d.ts
159 silly gunzTarPerm extractEntry test.config
160 silly gunzTarPerm extractEntry yarn.lock
161 silly gentlyRm C:\Users\w\AppData\Roaming\npm\node_modules\.staging\typescript-e59a7f09\node_modules is being purged
162 verbose gentlyRm don't care about contents; nuking C:\Users\w\AppData\Roaming\npm\node_modules\.staging\typescript-e59a7f09\node_modules
163 silly doParallel preinstall 1
164 silly preinstall typescript@2.5.2 C:\Users\w\AppData\Roaming\npm\node_modules\.staging\typescript-e59a7f09
165 info lifecycle typescript@2.5.2~preinstall: typescript@2.5.2
166 silly lifecycle typescript@2.5.2~preinstall: no script for preinstall, continuing
167 silly doReverseSerial remove 1
168 silly remove C:\Users\w\AppData\Roaming\npm\node_modules\typescript
169 verbose unbuild node_modules\typescript
170 info lifecycle typescript@2.5.2~preuninstall: typescript@2.5.2
171 silly lifecycle typescript@2.5.2~preuninstall: no script for preuninstall, continuing
172 info lifecycle typescript@2.5.2~uninstall: typescript@2.5.2
173 silly lifecycle typescript@2.5.2~uninstall: no script for uninstall, continuing
174 verbose unbuild rmStuff typescript@2.5.2 from C:\Users\w\AppData\Roaming\npm\node_modules
175 silly gentlyRm C:\Users\w\AppData\Roaming\npm\tsc.cmd is being gently removed from base C:\Users\w\AppData\Roaming\npm\node_modules\typescript
176 silly gentlyRm C:\Users\w\AppData\Roaming\npm\tsserver.cmd is being gently removed from base C:\Users\w\AppData\Roaming\npm\node_modules\typescript
177 silly isEverInside C:\Users\w\AppData\Roaming\npm\tsserver.cmd is not inside C:\Users\w\AppData\Roaming\npm\node_modules\typescript
178 silly gentlyRm parent.path = C:\Users\w\AppData\Roaming\npm\node_modules\typescript
179 silly gentlyRm parent.managed = C:\Users\w\AppData\Roaming\npm\node_modules\typescript is in C:\Users\w\AppData\Roaming\npm
180 silly gentlyRm target.path =  C:\Users\w\AppData\Roaming\npm\tsserver.cmd
181 silly gentlyRm target.symlink = node_modules\typescript\bin\tsserver
182 silly gentlyRm target.managed = C:\Users\w\AppData\Roaming\npm\tsserver.cmd is in C:\Users\w\AppData\Roaming\npm
183 silly gentlyRm target.inParent =  { target: 'C:\\Users\\w\\AppData\\Roaming\\npm\\node_modules\\typescript\\bin\\tsserver',
183 silly gentlyRm   path: 'C:\\Users\\w\\AppData\\Roaming\\npm\\node_modules\\typescript' }
184 verbose gentlyRm Vacuuming C:\Users\w\AppData\Roaming\npm\tsserver.cmd up to C:\Users\w\AppData\Roaming\npm
185 silly isEverInside C:\Users\w\AppData\Roaming\npm\tsc.cmd is not inside C:\Users\w\AppData\Roaming\npm\node_modules\typescript
186 silly gentlyRm parent.path = C:\Users\w\AppData\Roaming\npm\node_modules\typescript
187 silly gentlyRm parent.managed = C:\Users\w\AppData\Roaming\npm\node_modules\typescript is in C:\Users\w\AppData\Roaming\npm
188 silly gentlyRm target.path =  C:\Users\w\AppData\Roaming\npm\tsc.cmd
189 silly gentlyRm target.symlink = node_modules\typescript\bin\tsc
190 silly gentlyRm target.managed = C:\Users\w\AppData\Roaming\npm\tsc.cmd is in C:\Users\w\AppData\Roaming\npm
191 silly gentlyRm target.inParent =  { target: 'C:\\Users\\w\\AppData\\Roaming\\npm\\node_modules\\typescript\\bin\\tsc',
191 silly gentlyRm   path: 'C:\\Users\\w\\AppData\\Roaming\\npm\\node_modules\\typescript' }
192 verbose gentlyRm Vacuuming C:\Users\w\AppData\Roaming\npm\tsc.cmd up to C:\Users\w\AppData\Roaming\npm
193 silly vacuum-fs removing C:\Users\w\AppData\Roaming\npm\tsserver.cmd
194 silly vacuum-fs removing C:\Users\w\AppData\Roaming\npm\tsc.cmd
195 silly vacuum-fs finished vacuuming up to C:\Users\w\AppData\Roaming\npm
196 silly gentlyRm C:\Users\w\AppData\Roaming\npm\tsserver is being gently removed from base C:\Users\w\AppData\Roaming\npm\node_modules\typescript
197 silly vacuum-fs finished vacuuming up to C:\Users\w\AppData\Roaming\npm
198 silly gentlyRm C:\Users\w\AppData\Roaming\npm\tsc is being gently removed from base C:\Users\w\AppData\Roaming\npm\node_modules\typescript
199 silly isEverInside C:\Users\w\AppData\Roaming\npm\tsserver is not inside C:\Users\w\AppData\Roaming\npm\node_modules\typescript
200 silly gentlyRm parent.path = C:\Users\w\AppData\Roaming\npm\node_modules\typescript
201 silly gentlyRm parent.managed = C:\Users\w\AppData\Roaming\npm\node_modules\typescript is in C:\Users\w\AppData\Roaming\npm
202 silly gentlyRm target.path =  C:\Users\w\AppData\Roaming\npm\tsserver
203 silly gentlyRm target.symlink = node_modules/typescript/bin/tsserver
204 silly gentlyRm target.managed = C:\Users\w\AppData\Roaming\npm\tsserver is in C:\Users\w\AppData\Roaming\npm
205 silly gentlyRm target.inParent =  { target: 'C:\\Users\\w\\AppData\\Roaming\\npm\\node_modules\\typescript\\bin\\tsserver',
205 silly gentlyRm   path: 'C:\\Users\\w\\AppData\\Roaming\\npm\\node_modules\\typescript' }
206 verbose gentlyRm Vacuuming C:\Users\w\AppData\Roaming\npm\tsserver up to C:\Users\w\AppData\Roaming\npm
207 silly vacuum-fs removing C:\Users\w\AppData\Roaming\npm\tsserver
208 silly isEverInside C:\Users\w\AppData\Roaming\npm\tsc is not inside C:\Users\w\AppData\Roaming\npm\node_modules\typescript
209 silly gentlyRm parent.path = C:\Users\w\AppData\Roaming\npm\node_modules\typescript
210 silly gentlyRm parent.managed = C:\Users\w\AppData\Roaming\npm\node_modules\typescript is in C:\Users\w\AppData\Roaming\npm
211 silly gentlyRm target.path =  C:\Users\w\AppData\Roaming\npm\tsc
212 silly gentlyRm target.symlink = node_modules/typescript/bin/tsc
213 silly gentlyRm target.managed = C:\Users\w\AppData\Roaming\npm\tsc is in C:\Users\w\AppData\Roaming\npm
214 silly gentlyRm target.inParent =  { target: 'C:\\Users\\w\\AppData\\Roaming\\npm\\node_modules\\typescript\\bin\\tsc',
214 silly gentlyRm   path: 'C:\\Users\\w\\AppData\\Roaming\\npm\\node_modules\\typescript' }
215 verbose gentlyRm Vacuuming C:\Users\w\AppData\Roaming\npm\tsc up to C:\Users\w\AppData\Roaming\npm
216 silly vacuum-fs removing C:\Users\w\AppData\Roaming\npm\tsc
217 silly vacuum-fs finished vacuuming up to C:\Users\w\AppData\Roaming\npm
218 silly vacuum-fs finished vacuuming up to C:\Users\w\AppData\Roaming\npm
219 info lifecycle typescript@2.5.2~postuninstall: typescript@2.5.2
220 silly lifecycle typescript@2.5.2~postuninstall: no script for postuninstall, continuing
221 silly gentlyRm C:\Users\w\AppData\Roaming\npm\node_modules\typescript is being purged from base C:\Users\w\AppData\Roaming\npm
222 verbose gentlyRm don't care about contents; nuking C:\Users\w\AppData\Roaming\npm\node_modules\typescript
223 silly vacuum-fs purging C:\Users\w\AppData\Roaming\npm\node_modules\typescript
224 silly vacuum-fs quitting because other entries in C:\Users\w\AppData\Roaming\npm\node_modules
225 silly doSerial move 0
226 silly doSerial finalize 1
227 silly finalize C:\Users\w\AppData\Roaming\npm\node_modules\typescript
228 silly doSerial build 1
229 silly build typescript@2.5.2
230 info linkStuff typescript@2.5.2
231 silly linkStuff typescript@2.5.2 has C:\Users\w\AppData\Roaming\npm\node_modules as its parent node_modules
232 silly linkStuff typescript@2.5.2 is part of a global install
233 silly linkStuff typescript@2.5.2 is installed into a global node_modules
234 silly linkStuff typescript@2.5.2 is installed into the top-level global node_modules
235 verbose linkBins typescript@2.5.2
236 verbose link bins [ { tsc: './bin/tsc', tsserver: './bin/tsserver' },
236 verbose link bins   'C:\\Users\\w\\AppData\\Roaming\\npm',
236 verbose link bins   true ]
237 verbose linkMans typescript@2.5.2
238 verbose unlock done using C:\Users\w\AppData\Roaming\npm-cache\_locks\staging-c1ad9ffa6725a498.lock for C:\Users\w\AppData\Roaming\npm\node_modules\.staging
239 silly rollbackFailedOptional Starting
240 silly rollbackFailedOptional Finishing
241 silly runTopLevelLifecycles Finishing
242 silly install printInstalled
243 verbose stack Error: EPERM: operation not permitted, open 'C:\Users\w\AppData\Roaming\npm\tsc'
243 verbose stack     at Error (native)
244 verbose cwd C:\Users\w\WebstormProjects\NO.1onClass
245 error Windows_NT 10.0.14393
246 error argv "C:\\Program Files\\nodejs\\node.exe" "C:\\Program Files\\nodejs\\node_modules\\npm\\bin\\npm-cli.js" "install" "typescript" "-g"
247 error node v6.11.1
248 error npm  v3.10.10
249 error path C:\Users\w\AppData\Roaming\npm\tsc
250 error code EPERM
251 error errno -4048
252 error syscall open
253 error Error: EPERM: operation not permitted, open 'C:\Users\w\AppData\Roaming\npm\tsc'
253 error     at Error (native)
253 error  { Error: EPERM: operation not permitted, open 'C:\Users\w\AppData\Roaming\npm\tsc'
253 error     at Error (native)
253 error   errno: -4048,
253 error   code: 'EPERM',
253 error   syscall: 'open',
253 error   path: 'C:\\Users\\w\\AppData\\Roaming\\npm\\tsc' }
254 error Please try running this command again as root/Administrator.
255 verbose exit [ -4048, true ]
